Workers: 32  Keys: 0/372145  Combos: 0/680448153105  Autokey attempts: 0 (+32 in-flight)
[----------------------------------------]    0.0%  elapsed 5.8s
Best score: 0.000

Top candidates (showing up to 50):
  #    Score       IoC     Chi^2  Mode                  Key              Alphabet word    Rev  First2  Preview
--------------------------------------------------------------------------------------------------------------
Workers: 32  Keys: 0/372145  Combos: 0/680448153105  Autokey attempts: 0 (+32 in-flight)
[----------------------------------------]    0.0%  elapsed 6.9s
Best score: 0.000

Top candidates (showing up to 50):
  #    Score       IoC     Chi^2  Mode                  Key              Alphabet word    Rev  First2  Preview
--------------------------------------------------------------------------------------------------------------
Workers: 32  Keys: 0/372145  Combos: 0/680448153105  Autokey attempts: 0 (+32 in-flight)
[----------------------------------------]    0.0%  elapsed 8.1s
Best score: 0.000

Top candidates (showing up to 50):
  #    Score       IoC     Chi^2  Mode                  Key              Alphabet word    Rev  First2  Preview
--------------------------------------------------------------------------------------------------------------
Workers: 32  Keys: 0/372145  Combos: 0/680448153105  Autokey attempts: 0 (+32 in-flight)
[----------------------------------------]    0.0%  elapsed 9.2s
Best score: 0.000

Top candidates (showing up to 50):
  #    Score       IoC     Chi^2  Mode                  Key              Alphabet word    Rev  First2  Preview
--------------------------------------------------------------------------------------------------------------
Workers: 32  Keys: 0/372145  Combos: 0/680448153105  Autokey attempts: 0 (+32 in-flight)
[----------------------------------------]    0.0%  elapsed 10.7s
Best score: 0.000

Top candidates (showing up to 50):
  #    Score       IoC     Chi^2  Mode                  Key              Alphabet word    Rev  First2  Preview
--------------------------------------------------------------------------------------------------------------
Workers: 32  Keys: 0/372145  Combos: 0/680448153105  Autokey attempts: 0 (+32 in-flight)
[----------------------------------------]    0.0%  elapsed 11.5s
Best score: 0.000

Top candidates (showing up to 50):
  #    Score       IoC     Chi^2  Mode                  Key              Alphabet word    Rev  First2  Preview
--------------------------------------------------------------------------------------------------------------
Workers: 32  Keys: 0/372145  Combos: 0/680448153105  Autokey attempts: 0 (+32 in-flight)
[----------------------------------------]    0.0%  elapsed 13.1s
Best score: 0.000

Top candidates (showing up to 50):
  #    Score       IoC     Chi^2  Mode                  Key              Alphabet word    Rev  First2  Preview
--------------------------------------------------------------------------------------------------------------
Workers: 32  Keys: 0/372145  Combos: 0/680448153105  Autokey attempts: 0 (+32 in-flight)
[----------------------------------------]    0.0%  elapsed 14.6s
Best score: 0.000

Top candidates (showing up to 50):
  #    Score       IoC     Chi^2  Mode                  Key              Alphabet word    Rev  First2  Preview
--------------------------------------------------------------------------------------------------------------
Workers: 32  Keys: 0/372145  Combos: 0/680448153105  Autokey attempts: 0 (+32 in-flight)
[----------------------------------------]    0.0%  elapsed 15.4s
Best score: 0.000

Top candidates (showing up to 50):
  #    Score       IoC     Chi^2  Mode                  Key              Alphabet word    Rev  First2  Preview
--------------------------------------------------------------------------------------------------------------
Workers: 32  Keys: 0/372145  Combos: 0/680448153105  Autokey attempts: 0 (+32 in-flight)
[----------------------------------------]    0.0%  elapsed 16.9s
Best score: 0.000

Top candidates (showing up to 50):
  #    Score       IoC     Chi^2  Mode                  Key              Alphabet word    Rev  First2  Preview
--------------------------------------------------------------------------------------------------------------
Workers: 32  Keys: 0/372145  Combos: 0/680448153105  Autokey attempts: 0 (+32 in-flight)
[----------------------------------------]    0.0%  elapsed 17.7s
Best score: 0.000

Top candidates (showing up to 50):
  #    Score       IoC     Chi^2  Mode                  Key              Alphabet word    Rev  First2  Preview
--------------------------------------------------------------------------------------------------------------
Workers: 32  Keys: 0/372145  Combos: 0/680448153105  Autokey attempts: 0 (+32 in-flight)
[----------------------------------------]    0.0%  elapsed 19.4s
Best score: 0.000

Top candidates (showing up to 50):
  #    Score       IoC     Chi^2  Mode                  Key              Alphabet word    Rev  First2  Preview
--------------------------------------------------------------------------------------------------------------
Workers: 32  Keys: 0/372145  Combos: 0/680448153105  Autokey attempts: 0 (+32 in-flight)
[----------------------------------------]    0.0%  elapsed 21.0s
Best score: 0.000

Top candidates (showing up to 50):
  #    Score       IoC     Chi^2  Mode                  Key              Alphabet word    Rev  First2  Preview
--------------------------------------------------------------------------------------------------------------
Workers: 32  Keys: 0/372145  Combos: 0/680448153105  Autokey attempts: 0 (+32 in-flight)
[----------------------------------------]    0.0%  elapsed 22.0s
Best score: 0.000

Top candidates (showing up to 50):
  #    Score       IoC     Chi^2  Mode                  Key              Alphabet word    Rev  First2  Preview
--------------------------------------------------------------------------------------------------------------
Workers: 32  Keys: 0/372145  Combos: 0/680448153105  Autokey attempts: 0 (+32 in-flight)
[----------------------------------------]    0.0%  elapsed 22.9s
Best score: 0.000

Top candidates (showing up to 50):
  #    Score       IoC     Chi^2  Mode                  Key              Alphabet word    Rev  First2  Preview
--------------------------------------------------------------------------------------------------------------
Workers: 32  Keys: 0/372145  Combos: 0/680448153105  Autokey attempts: 0 (+32 in-flight)
[----------------------------------------]    0.0%  elapsed 23.9s
Best score: 0.000

Top candidates (showing up to 50):
  #    Score       IoC     Chi^2  Mode                  Key              Alphabet word    Rev  First2  Preview
--------------------------------------------------------------------------------------------------------------
Workers: 32  Keys: 0/372145  Combos: 0/680448153105  Autokey attempts: 0 (+32 in-flight)
[----------------------------------------]    0.0%  elapsed 24.9s
Best score: 0.000

Top candidates (showing up to 50):
  #    Score       IoC     Chi^2  Mode                  Key              Alphabet word    Rev  First2  Preview
--------------------------------------------------------------------------------------------------------------
Workers: 32  Keys: 0/372145  Combos: 0/680448153105  Autokey attempts: 0 (+32 in-flight)
[----------------------------------------]    0.0%  elapsed 25.9s
Best score: 0.000

Top candidates (showing up to 50):
  #    Score       IoC     Chi^2  Mode                  Key              Alphabet word    Rev  First2  Preview
--------------------------------------------------------------------------------------------------------------
Workers: 32  Keys: 0/372145  Combos: 0/680448153105  Autokey attempts: 0 (+32 in-flight)
[----------------------------------------]    0.0%  elapsed 26.8s
Best score: 0.000

Top candidates (showing up to 50):
  #    Score       IoC     Chi^2  Mode                  Key              Alphabet word    Rev  First2  Preview
--------------------------------------------------------------------------------------------------------------
Workers: 32  Keys: 0/372145  Combos: 0/680448153105  Autokey attempts: 0 (+32 in-flight)
[----------------------------------------]    0.0%  elapsed 27.7s
Best score: 0.000

Top candidates (showing up to 50):
  #    Score       IoC     Chi^2  Mode                  Key              Alphabet word    Rev  First2  Preview
--------------------------------------------------------------------------------------------------------------
Workers: 32  Keys: 0/372145  Combos: 0/680448153105  Autokey attempts: 0 (+32 in-flight)
[----------------------------------------]    0.0%  elapsed 28.6s
Best score: 0.000

Top candidates (showing up to 50):
  #    Score       IoC     Chi^2  Mode                  Key              Alphabet word    Rev  First2  Preview
--------------------------------------------------------------------------------------------------------------
Workers: 32  Keys: 0/372145  Combos: 0/680448153105  Autokey attempts: 0 (+32 in-flight)
[----------------------------------------]    0.0%  elapsed 29.5s
Best score: 0.000

Top candidates (showing up to 50):
  #    Score       IoC     Chi^2  Mode                  Key              Alphabet word    Rev  First2  Preview
--------------------------------------------------------------------------------------------------------------
Workers: 32  Keys: 0/372145  Combos: 0/680448153105  Autokey attempts: 0 (+32 in-flight)
[----------------------------------------]    0.0%  elapsed 30.4s
Best score: 0.000

Top candidates (showing up to 50):
  #    Score       IoC     Chi^2  Mode                  Key              Alphabet word    Rev  First2  Preview
--------------------------------------------------------------------------------------------------------------
Workers: 32  Keys: 0/372145  Combos: 0/680448153105  Autokey attempts: 0 (+32 in-flight)
[----------------------------------------]    0.0%  elapsed 31.4s
Best score: 0.000

Top candidates (showing up to 50):
  #    Score       IoC     Chi^2  Mode                  Key              Alphabet word    Rev  First2  Preview
--------------------------------------------------------------------------------------------------------------
Workers: 32  Keys: 0/372145  Combos: 0/680448153105  Autokey attempts: 0 (+32 in-flight)
[----------------------------------------]    0.0%  elapsed 32.3s
Best score: 0.000

Top candidates (showing up to 50):
  #    Score       IoC     Chi^2  Mode                  Key              Alphabet word    Rev  First2  Preview
--------------------------------------------------------------------------------------------------------------
Workers: 32  Keys: 0/372145  Combos: 0/680448153105  Autokey attempts: 0 (+32 in-flight)
[----------------------------------------]    0.0%  elapsed 33.3s
Best score: 0.000

Top candidates (showing up to 50):
  #    Score       IoC     Chi^2  Mode                  Key              Alphabet word    Rev  First2  Preview
--------------------------------------------------------------------------------------------------------------
Workers: 32  Keys: 0/372145  Combos: 0/680448153105  Autokey attempts: 0 (+32 in-flight)
[----------------------------------------]    0.0%  elapsed 34.2s
Best score: 0.000

Top candidates (showing up to 50):
  #    Score       IoC     Chi^2  Mode                  Key              Alphabet word    Rev  First2  Preview
--------------------------------------------------------------------------------------------------------------
Workers: 32  Keys: 0/372145  Combos: 0/680448153105  Autokey attempts: 0 (+32 in-flight)
[----------------------------------------]    0.0%  elapsed 35.2s
Best score: 0.000

Top candidates (showing up to 50):
  #    Score       IoC     Chi^2  Mode                  Key              Alphabet word    Rev  First2  Preview
--------------------------------------------------------------------------------------------------------------
Workers: 32  Keys: 0/372145  Combos: 0/680448153105  Autokey attempts: 0 (+32 in-flight)
[----------------------------------------]    0.0%  elapsed 36.1s
Best score: 0.000

Top candidates (showing up to 50):
  #    Score       IoC     Chi^2  Mode                  Key              Alphabet word    Rev  First2  Preview
--------------------------------------------------------------------------------------------------------------
Workers: 32  Keys: 0/372145  Combos: 0/680448153105  Autokey attempts: 0 (+32 in-flight)
[----------------------------------------]    0.0%  elapsed 37.1s
Best score: 0.000

Top candidates (showing up to 50):
  #    Score       IoC     Chi^2  Mode                  Key              Alphabet word    Rev  First2  Preview
--------------------------------------------------------------------------------------------------------------
Workers: 32  Keys: 0/372145  Combos: 0/680448153105  Autokey attempts: 0 (+32 in-flight)
[----------------------------------------]    0.0%  elapsed 38.2s
Best score: 0.000

Top candidates (showing up to 50):
  #    Score       IoC     Chi^2  Mode                  Key              Alphabet word    Rev  First2  Preview
--------------------------------------------------------------------------------------------------------------
Workers: 32  Keys: 0/372145  Combos: 0/680448153105  Autokey attempts: 0 (+32 in-flight)
[----------------------------------------]    0.0%  elapsed 39.1s
Best score: 0.000

Top candidates (showing up to 50):
  #    Score       IoC     Chi^2  Mode                  Key              Alphabet word    Rev  First2  Preview
--------------------------------------------------------------------------------------------------------------
Workers: 32  Keys: 0/372145  Combos: 0/680448153105  Autokey attempts: 0 (+32 in-flight)
[----------------------------------------]    0.0%  elapsed 40.1s
Best score: 0.000

Top candidates (showing up to 50):
  #    Score       IoC     Chi^2  Mode                  Key              Alphabet word    Rev  First2  Preview
--------------------------------------------------------------------------------------------------------------
Workers: 32  Keys: 0/372145  Combos: 0/680448153105  Autokey attempts: 0 (+32 in-flight)
[----------------------------------------]    0.0%  elapsed 41.0s
Best score: 0.000

Top candidates (showing up to 50):
  #    Score       IoC     Chi^2  Mode                  Key              Alphabet word    Rev  First2  Preview
--------------------------------------------------------------------------------------------------------------
Workers: 32  Keys: 0/372145  Combos: 0/680448153105  Autokey attempts: 0 (+32 in-flight)
[----------------------------------------]    0.0%  elapsed 41.9s
Best score: 0.000

Top candidates (showing up to 50):
  #    Score       IoC     Chi^2  Mode                  Key              Alphabet word    Rev  First2  Preview
--------------------------------------------------------------------------------------------------------------
Workers: 32  Keys: 0/372145  Combos: 0/680448153105  Autokey attempts: 0 (+32 in-flight)
[----------------------------------------]    0.0%  elapsed 42.9s
Best score: 0.000

Top candidates (showing up to 50):
  #    Score       IoC     Chi^2  Mode                  Key              Alphabet word    Rev  First2  Preview
--------------------------------------------------------------------------------------------------------------
Workers: 32  Keys: 0/372145  Combos: 0/680448153105  Autokey attempts: 0 (+32 in-flight)
[----------------------------------------]    0.0%  elapsed 43.9s
Best score: 0.000

Top candidates (showing up to 50):
  #    Score       IoC     Chi^2  Mode                  Key              Alphabet word    Rev  First2  Preview
--------------------------------------------------------------------------------------------------------------
Workers: 32  Keys: 0/372145  Combos: 0/680448153105  Autokey attempts: 0 (+32 in-flight)
[----------------------------------------]    0.0%  elapsed 44.8s
Best score: 0.000

Top candidates (showing up to 50):
  #    Score       IoC     Chi^2  Mode                  Key              Alphabet word    Rev  First2  Preview
--------------------------------------------------------------------------------------------------------------
Workers: 32  Keys: 0/372145  Combos: 0/680448153105  Autokey attempts: 0 (+32 in-flight)
[----------------------------------------]    0.0%  elapsed 45.7s
Best score: 0.000

Top candidates (showing up to 50):
  #    Score       IoC     Chi^2  Mode                  Key              Alphabet word    Rev  First2  Preview
--------------------------------------------------------------------------------------------------------------
Workers: 32  Keys: 0/372145  Combos: 0/680448153105  Autokey attempts: 0 (+32 in-flight)
[----------------------------------------]    0.0%  elapsed 46.6s
Best score: 0.000

Top candidates (showing up to 50):
  #    Score       IoC     Chi^2  Mode                  Key              Alphabet word    Rev  First2  Preview
--------------------------------------------------------------------------------------------------------------
Workers: 32  Keys: 0/372145  Combos: 0/680448153105  Autokey attempts: 0 (+32 in-flight)
[----------------------------------------]    0.0%  elapsed 47.5s
Best score: 0.000

Top candidates (showing up to 50):
  #    Score       IoC     Chi^2  Mode                  Key              Alphabet word    Rev  First2  Preview
--------------------------------------------------------------------------------------------------------------
Workers: 32  Keys: 0/372145  Combos: 0/680448153105  Autokey attempts: 0 (+32 in-flight)
[----------------------------------------]    0.0%  elapsed 48.5s
Best score: 0.000

Top candidates (showing up to 50):
  #    Score       IoC     Chi^2  Mode                  Key              Alphabet word    Rev  First2  Preview
--------------------------------------------------------------------------------------------------------------
Workers: 32  Keys: 0/372145  Combos: 0/680448153105  Autokey attempts: 0 (+32 in-flight)
[----------------------------------------]    0.0%  elapsed 49.4s
Best score: 0.000

Top candidates (showing up to 50):
  #    Score       IoC     Chi^2  Mode                  Key              Alphabet word    Rev  First2  Preview
--------------------------------------------------------------------------------------------------------------
Workers: 32  Keys: 0/372145  Combos: 0/680448153105  Autokey attempts: 0 (+32 in-flight)
[----------------------------------------]    0.0%  elapsed 50.3s
Best score: 0.000

Top candidates (showing up to 50):
  #    Score       IoC     Chi^2  Mode                  Key              Alphabet word    Rev  First2  Preview
--------------------------------------------------------------------------------------------------------------
Workers: 32  Keys: 0/372145  Combos: 0/680448153105  Autokey attempts: 0 (+32 in-flight)
[----------------------------------------]    0.0%  elapsed 51.3s
Best score: 0.000

Top candidates (showing up to 50):
  #    Score       IoC     Chi^2  Mode                  Key              Alphabet word    Rev  First2  Preview
--------------------------------------------------------------------------------------------------------------
Workers: 32  Keys: 0/372145  Combos: 0/680448153105  Autokey attempts: 0 (+32 in-flight)
[----------------------------------------]    0.0%  elapsed 52.3s
Best score: 0.000

Top candidates (showing up to 50):
  #    Score       IoC     Chi^2  Mode                  Key              Alphabet word    Rev  First2  Preview
--------------------------------------------------------------------------------------------------------------
Workers: 32  Keys: 0/372145  Combos: 0/680448153105  Autokey attempts: 0 (+32 in-flight)
[----------------------------------------]    0.0%  elapsed 53.2s
Best score: 0.000

Top candidates (showing up to 50):
  #    Score       IoC     Chi^2  Mode                  Key              Alphabet word    Rev  First2  Preview
--------------------------------------------------------------------------------------------------------------
Workers: 32  Keys: 0/372145  Combos: 0/680448153105  Autokey attempts: 0 (+32 in-flight)
[----------------------------------------]    0.0%  elapsed 54.2s
Best score: 0.000

Top candidates (showing up to 50):
  #    Score       IoC     Chi^2  Mode                  Key              Alphabet word    Rev  First2  Preview
--------------------------------------------------------------------------------------------------------------
